#
# There is insufficient memory for the Java Runtime Environment to continue.
# Native memory allocation (mmap) failed to map 130023424 bytes for G1 virtual space
# Possible reasons:
#   The system is out of physical RAM or swap space
#   The process is running with CompressedOops enabled, and the Java Heap may be blocking the growth of the native heap
# Possible solutions:
#   Reduce memory load on the system
#   Increase physical memory or swap space
#   Check if swap backing store is full
#   Decrease Java heap size (-Xmx/-Xms)
#   Decrease number of Java threads
#   Decrease Java thread stack sizes (-Xss)
#   Set larger code cache with -XX:ReservedCodeCacheSize=
#   JVM is running with Unscaled Compressed Oops mode in which the Java heap is
#     placed in the first 4GB address space. The Java Heap base address is the
#     maximum limit for the native heap growth. Please use -XX:HeapBaseMinAddress
#     to set the Java Heap base and to place the Java Heap above 4GB virtual address.
# This output file may be truncated or incomplete.
#
#  Out of Memory Error (os_windows.cpp:3541), pid=16900, tid=12032
#
# JRE version:  (17.0.4.1+1) (build )
# Java VM: OpenJDK 64-Bit Server VM (17.0.4.1+1, mixed mode, sharing, tiered, compressed oops, compressed class ptrs, g1 gc, windows-amd64)
# No core dump will be written. Minidumps are not enabled by default on client versions of Windows
#

---------------  S U M M A R Y ------------

Command Line: -Dfile.encoding=windows-1252 --module-path=C:\Users\aoqui\OneDrive\Documents\APCSA-Final-Project\bin -XX:+ShowCodeDetailsInExceptionMessages -Djdk.module.main=APCSAPhysics APCSAPhysics/main.Main

Host: 11th Gen Intel(R) Core(TM) i3-1115G4 @ 3.00GHz, 4 cores, 7G,  Windows 11 , 64 bit Build 22621 (10.0.22621.1485)
Time: Tue May 30 13:44:20 2023 Atlantic Daylight Time elapsed time: 0.019193 seconds (0d 0h 0m 0s)

---------------  T H R E A D  ---------------

Current thread (0x00000288d32eaac0):  JavaThread "Unknown thread" [_thread_in_vm, id=12032, stack(0x000000f605b00000,0x000000f605c00000)]

Stack: [0x000000f605b00000,0x000000f605c00000]
Native frames: (J=compiled Java code, j=interpreted, Vv=VM code, C=native code)
V  [jvm.dll+0x67731a]
V  [jvm.dll+0x832284]
V  [jvm.dll+0x833a2e]
V  [jvm.dll+0x834093]
V  [jvm.dll+0x245775]
V  [jvm.dll+0x674209]
V  [jvm.dll+0x668a92]
V  [jvm.dll+0x30471b]
V  [jvm.dll+0x30bc66]
V  [jvm.dll+0x35ba9e]
V  [jvm.dll+0x35bccf]
V  [jvm.dll+0x2db5b8]
V  [jvm.dll+0x2dc524]
V  [jvm.dll+0x803db1]
V  [jvm.dll+0x3698f1]
V  [jvm.dll+0x7e31bc]
V  [jvm.dll+0x3ec25f]
V  [jvm.dll+0x3edde1]
C  [jli.dll+0x5277]
C  [ucrtbase.dll+0x29363]
C  [KERNEL32.DLL+0x1269d]
C  [ntdll.dll+0x5a9f8]


---------------  P R O C E S S  ---------------

Threads class SMR info:
_java_thread_list=0x00007fff77034e98, length=0, elements={
}

Java Threads: ( => current thread )

Other Threads:
  0x00000288d3343d10 GCTaskThread "GC Thread#0" [stack: 0x000000f605c00000,0x000000f605d00000] [id=11956]
  0x00000288d3354450 ConcurrentGCThread "G1 Main Marker" [stack: 0x000000f605d00000,0x000000f605e00000] [id=24152]
  0x00000288d3354e60 ConcurrentGCThread "G1 Conc#0" [stack: 0x000000f605e00000,0x000000f605f00000] [id=20512]

[error occurred during error reporting (printing all threads), id 0xc0000005, EXCEPTION_ACCESS_VIOLATION (0xc0000005) at pc=0x00007fff7680c047]

VM state: not at safepoint (not fully initialized)

VM Mutex/Monitor currently owned by a thread:  ([mutex/lock_event])
[0x00000288d32e5e90] Heap_lock - owner thread: 0x00000288d32eaac0

Heap address: 0x0000000084000000, size: 1984 MB, Compressed Oops mode: 32-bit

CDS archive(s) mapped at: [0x0000000000000000-0x0000000000000000-0x0000000000000000), size 0, SharedBaseAddress: 0x0000000800000000, ArchiveRelocationMode: 0.
Narrow klass base: 0x0000000000000000, Narrow klass shift: 0, Narrow klass range: 0x0

GC Precious Log:
<Empty>

Heap:
 garbage-first heap   total 0K, used 0K [0x0000000084000000, 0x0000000100000000)
  region size 1024K, 0 young (0K), 0 survivors (0K)

[error occurred during error reporting (printing heap information), id 0xc0000005, EXCEPTION_ACCESS_VIOLATION (0xc0000005) at pc=0x00007fff76bf0699]

GC Heap History (0 events):
No events

Deoptimization events (0 events):
No events

Classes unloaded (0 events):
No events

Classes redefined (0 events):
No events

Internal exceptions (0 events):
No events

VM Operations (0 events):
No events

Events (1 events):
Event: 0.014 Loaded shared library C:\Users\aoqui\.p2\pool\plugins\org.eclipse.justj.openjdk.hotspot.jre.full.win32.x86_64_17.0.4.v20221004-1257\jre\bin\java.dll


Dynamic libraries:
0x00007ff7ef5a0000 - 0x00007ff7ef5ae000 	C:\Users\aoqui\.p2\pool\plugins\org.eclipse.justj.openjdk.hotspot.jre.full.win32.x86_64_17.0.4.v20221004-1257\jre\bin\javaw.exe
0x00007ff803f70000 - 0x00007ff804184000 	C:\WINDOWS\SYSTEM32\ntdll.dll
0x00007ff8031d0000 - 0x00007ff803292000 	C:\WINDOWS\System32\KERNEL32.DLL
0x00007ff801450000 - 0x00007ff8017ec000 	C:\WINDOWS\System32\KERNELBASE.dll
0x00007ff8017f0000 - 0x00007ff801901000 	C:\WINDOWS\System32\ucrtbase.dll
0x00007fffe7070000 - 0x00007fffe7088000 	C:\Users\aoqui\.p2\pool\plugins\org.eclipse.justj.openjdk.hotspot.jre.full.win32.x86_64_17.0.4.v20221004-1257\jre\bin\jli.dll
0x00007ff803000000 - 0x00007ff8031ab000 	C:\WINDOWS\System32\USER32.dll
0x00007ff801be0000 - 0x00007ff801c06000 	C:\WINDOWS\System32\win32u.dll
0x00007ff803410000 - 0x00007ff803439000 	C:\WINDOWS\System32\GDI32.dll
0x00007ff801990000 - 0x00007ff801aa3000 	C:\WINDOWS\System32\gdi32full.dll
0x00007ff8013b0000 - 0x00007ff80144a000 	C:\WINDOWS\System32\msvcp_win.dll
0x00007fffe21c0000 - 0x00007fffe21d9000 	C:\Users\aoqui\.p2\pool\plugins\org.eclipse.justj.openjdk.hotspot.jre.full.win32.x86_64_17.0.4.v20221004-1257\jre\bin\VCRUNTIME140.dll
0x00007fffe75b0000 - 0x00007fffe783e000 	C:\WINDOWS\WinSxS\amd64_microsoft.windows.common-controls_6595b64144ccf1df_6.0.22621.608_none_a9444ca7c10bb01d\COMCTL32.dll
0x00007ff802200000 - 0x00007ff8022a7000 	C:\WINDOWS\System32\msvcrt.dll
0x00007ff8032f0000 - 0x00007ff803321000 	C:\WINDOWS\System32\IMM32.DLL
0x00007ffff0cd0000 - 0x00007ffff0cdc000 	C:\Users\aoqui\.p2\pool\plugins\org.eclipse.justj.openjdk.hotspot.jre.full.win32.x86_64_17.0.4.v20221004-1257\jre\bin\vcruntime140_1.dll
0x00007fffddc40000 - 0x00007fffddcd1000 	C:\Users\aoqui\.p2\pool\plugins\org.eclipse.justj.openjdk.hotspot.jre.full.win32.x86_64_17.0.4.v20221004-1257\jre\bin\msvcp140.dll
0x00007fff76520000 - 0x00007fff77166000 	C:\Users\aoqui\.p2\pool\plugins\org.eclipse.justj.openjdk.hotspot.jre.full.win32.x86_64_17.0.4.v20221004-1257\jre\bin\server\jvm.dll
0x00007ff803450000 - 0x00007ff8034fe000 	C:\WINDOWS\System32\ADVAPI32.dll
0x00007ff802d60000 - 0x00007ff802e04000 	C:\WINDOWS\System32\sechost.dll
0x00007ff803c50000 - 0x00007ff803d67000 	C:\WINDOWS\System32\RPCRT4.dll
0x00007ff802ed0000 - 0x00007ff802ed8000 	C:\WINDOWS\System32\PSAPI.DLL
0x00007fffef940000 - 0x00007fffef974000 	C:\WINDOWS\SYSTEM32\WINMM.dll
0x00007fffef990000 - 0x00007fffef999000 	C:\WINDOWS\SYSTEM32\WSOCK32.dll
0x00007ff802ee0000 - 0x00007ff802f51000 	C:\WINDOWS\System32\WS2_32.dll
0x00007ffffc5e0000 - 0x00007ffffc5ea000 	C:\WINDOWS\SYSTEM32\VERSION.dll
0x00007ff8003c0000 - 0x00007ff8003d8000 	C:\WINDOWS\SYSTEM32\kernel.appcore.dll
0x00007ffff1c80000 - 0x00007ffff1c8a000 	C:\Users\aoqui\.p2\pool\plugins\org.eclipse.justj.openjdk.hotspot.jre.full.win32.x86_64_17.0.4.v20221004-1257\jre\bin\jimage.dll
0x00007ffffed80000 - 0x00007ffffefae000 	C:\WINDOWS\SYSTEM32\DBGHELP.DLL
0x00007ff8036a0000 - 0x00007ff803a29000 	C:\WINDOWS\System32\combase.dll
0x00007ff803330000 - 0x00007ff803407000 	C:\WINDOWS\System32\OLEAUT32.dll
0x00007ffffc680000 - 0x00007ffffc6b2000 	C:\WINDOWS\SYSTEM32\dbgcore.DLL
0x00007ff801910000 - 0x00007ff80198b000 	C:\WINDOWS\System32\bcryptPrimitives.dll
0x00007ffff1550000 - 0x00007ffff1575000 	C:\Users\aoqui\.p2\pool\plugins\org.eclipse.justj.openjdk.hotspot.jre.full.win32.x86_64_17.0.4.v20221004-1257\jre\bin\java.dll

dbghelp: loaded successfully - version: 4.0.5 - missing functions: none
symbol engine: initialized successfully - sym options: 0x614 - pdb path: .;C:\Users\aoqui\.p2\pool\plugins\org.eclipse.justj.openjdk.hotspot.jre.full.win32.x86_64_17.0.4.v20221004-1257\jre\bin;C:\WINDOWS\SYSTEM32;C:\WINDOWS\WinSxS\amd64_microsoft.windows.common-controls_6595b64144ccf1df_6.0.22621.608_none_a9444ca7c10bb01d;C:\Users\aoqui\.p2\pool\plugins\org.eclipse.justj.openjdk.hotspot.jre.full.win32.x86_64_17.0.4.v20221004-1257\jre\bin\server

VM Arguments:
jvm_args: -Dfile.encoding=windows-1252 --module-path=C:\Users\aoqui\OneDrive\Documents\APCSA-Final-Project\bin -XX:+ShowCodeDetailsInExceptionMessages -Djdk.module.main=APCSAPhysics 
java_command: APCSAPhysics/main.Main
java_class_path (initial): <not set>
Launcher Type: SUN_STANDARD

[Global flags]
     intx CICompilerCount                          = 3                                         {product} {ergonomic}
     uint ConcGCThreads                            = 1                                         {product} {ergonomic}
     uint G1ConcRefinementThreads                  = 4                                         {product} {ergonomic}
   size_t G1HeapRegionSize                         = 1048576                                   {product} {ergonomic}
    uintx GCDrainStackTargetSize                   = 64                                        {product} {ergonomic}
   size_t InitialHeapSize                          = 130023424                                 {product} {ergonomic}
   size_t MarkStackSize                            = 4194304                                   {product} {ergonomic}
   size_t MaxHeapSize                              = 2080374784                                {product} {ergonomic}
   size_t MinHeapDeltaBytes                        = 1048576                                   {product} {ergonomic}
   size_t MinHeapSize                              = 8388608                                   {product} {ergonomic}
    uintx NonNMethodCodeHeapSize                   = 5832780                                {pd product} {ergonomic}
    uintx NonProfiledCodeHeapSize                  = 122912730                              {pd product} {ergonomic}
    uintx ProfiledCodeHeapSize                     = 122912730                              {pd product} {ergonomic}
    uintx ReservedCodeCacheSize                    = 251658240                              {pd product} {ergonomic}
     bool SegmentedCodeCache                       = true                                      {product} {ergonomic}
     bool ShowCodeDetailsInExceptionMessages       = true                                   {manageable} {command line}
   size_t SoftMaxHeapSize                          = 2080374784                             {manageable} {ergonomic}
     bool UseCompressedClassPointers               = true                           {product lp64_product} {ergonomic}
     bool UseCompressedOops                        = true                           {product lp64_product} {ergonomic}
     bool UseG1GC                                  = true                                      {product} {ergonomic}
     bool UseLargePagesIndividualAllocation        = false                                  {pd product} {ergonomic}

Logging:
Log output configuration:
 #0: stdout all=warning uptime,level,tags
 #1: stderr all=off uptime,level,tags

Environment Variables:
PATH=C:/Users/aoqui/.p2/pool/plugins/org.eclipse.justj.openjdk.hotspot.jre.full.win32.x86_64_17.0.4.v20221004-1257/jre/bin/server;C:/Users/aoqui/.p2/pool/plugins/org.eclipse.justj.openjdk.hotspot.jre.full.win32.x86_64_17.0.4.v20221004-1257/jre/bin;C:\Python311\Scripts\;C:\Python311\;C:\Program Files\Common Files\Oracle\Java\javapath;C:\Program Files (x86)\Common Files\Oracle\Java\javapath;C:\WINDOWS\system32;C:\WINDOWS;C:\WINDOWS\System32\Wbem;C:\WINDOWS\System32\WindowsPowerShell\v1.0\;C:\WINDOWS\System32\OpenSSH\;C:\ProgramData\chocolatey\bin;C:\Program Files\Git\cmd;C:\Program Files\nodejs\;C:\Users\aoqui\AppData\Local\Microsoft\WindowsApps;C:\Users\aoqui\AppData\Local\Programs\Microsoft VS Code\bin;C:\MinGW\bin;C:\Users\aoqui\AppData\Local\GitHubDesktop\bin;C:\Users\aoqui\.aftman\bin;C:\Users\aoqui\AppData\Roaming\npm;;C:\Users\aoqui\eclipse\java-2022-09\eclipse;
USERNAME=aoqui
OS=Windows_NT
PROCESSOR_IDENTIFIER=Intel64 Family 6 Model 140 Stepping 1, GenuineIntel
TMP=C:\Users\aoqui\AppData\Local\Temp
TEMP=C:\Users\aoqui\AppData\Local\Temp



---------------  S Y S T E M  ---------------

OS:
 Windows 11 , 64 bit Build 22621 (10.0.22621.1485)
OS uptime: 11 days 12:58 hours
Hyper-V role detected

CPU: total 4 (initial active 4) (2 cores per cpu, 2 threads per core) family 6 model 140 stepping 1 microcode 0xa4, cx8, cmov, fxsr, ht, mmx, 3dnowpref, sse, sse2, sse3, ssse3, sse4.1, sse4.2, popcnt, lzcnt, tsc, tscinvbit, avx, avx2, aes, erms, clmul, bmi1, bmi2, adx, avx512f, avx512dq, avx512cd, avx512bw, avx512vl, sha, fma, vzeroupper, avx512_vpopcntdq, avx512_vpclmulqdq, avx512_vaes, avx512_vnni, clflush, clflushopt, clwb, avx512_vbmi2, avx512_vbmi, hv

Memory: 4k page, system-wide physical 7932M (454M free)
TotalPageFile size 23057M (AvailPageFile size 53M)
current process WorkingSet (physical memory assigned to process): 10M, peak: 10M
current process commit charge ("private bytes"): 51M, peak: 175M

vm_info: OpenJDK 64-Bit Server VM (17.0.4.1+1) for windows-amd64 JRE (17.0.4.1+1), built on Aug 17 2022 07:42:43 by "temurin" with MS VC++ 16.7 (VS2019)

END.
